<?xml version="1.0" encoding="UTF-8"?>
<!-- Generated by org.testng.reporters.JUnitReportReporter -->
<testsuite name="tests.CalculatorTest" tests="1" time="18.922" ignored="0" failures="0" timestamp="17 lip 2018 19:13:14 GMT" skipped="0" hostname="DESKTOP-DDS75N7" errors="0">
  <testcase name="mainTest" time="18.922" classname="tests.CalculatorTest"/>
</testsuite> <!-- tests.CalculatorTest -->
