<?xml version="1.0" encoding="UTF-8"?>
<!-- Generated by org.testng.reporters.JUnitReportReporter -->
<testsuite skipped="0" hostname="DESKTOP-DDS75N7" name="tests.CalculatorTest" tests="1" failures="0" timestamp="13 wrz 2018 20:08:21 GMT" time="34.244" errors="0">
  <testcase name="mainTest" time="34.244" classname="tests.CalculatorTest"/>
</testsuite> <!-- tests.CalculatorTest -->
